::1 POST /auth/register 201 62 - 183.435 ms
::1 POST /auth/login 200 43 - 116.199 ms
::1 POST /auth/login 200 43 - 102.423 ms
::1 POST /auth/login 200 43 - 101.272 ms
::1 POST /auth/login 200 43 - 103.853 ms
::1 POST /auth/login 200 43 - 103.103 ms
::1 POST /auth/login 200 43 - 101.469 ms
::1 POST /auth/session 400 55 - 0.529 ms
::1 GET /auth/session 200 129 - 4.284 ms
::1 POST /auth/logout 200 44 - 18.346 ms
::1 POST /auth/login 200 43 - 145.796 ms
::1 POST /propiedades/ 500 284 - 17.155 ms
::1 POST /propiedades/ 400 61 - 5.038 ms
::1 POST /propiedades/ 400 61 - 3.065 ms
::1 POST /propiedades/ 400 267 - 5.544 ms
::1 POST /propiedades/ 500 134 - 52.459 ms
::1 POST /propiedades/ 500 134 - 48.426 ms
::1 POST /propiedades/ 500 134 - 47.351 ms
::1 POST /propiedades/ 201 441 - 39.923 ms
::1 PATCH /propiedades/ 400 55 - 0.816 ms
::1 PATCH /propiedades/692f7a58ee16dca1cfd4f763 400 344 - 6.574 ms
::1 PATCH /propiedades/692f7a58ee16dca1cfd4f763 400 208 - 3.750 ms
::1 PATCH /propiedades/692f7a58ee16dca1cfd4f763 200 447 - 46.382 ms
::1 PATCH /propiedades/692f7a58ee16dca1cfd4f763 200 448 - 13.387 ms
::1 GET /propiedades/692f7a58ee16dca1cfd4f763 200 399 - 9.048 ms
::1 GET /propiedades/ 200 401 - 5.255 ms
::1 DELETE /propiedades/692f7a58ee16dca1cfd4f763 200 446 - 9.193 ms
::1 DELETE /propiedades/ 400 55 - 0.423 ms
::1 POST /propiedades/ 401 73 - 3.502 ms
::1 POST /auth/login 200 43 - 144.341 ms
::1 POST /propiedades/ 201 370 - 36.316 ms
::1 POST /propiedades/ 201 370 - 6.322 ms
::1 POST /propiedades?rooms=3&baths=6%0A 201 370 - 4.705 ms
::1 GET /propiedades?rooms=3&baths=6%0A 200 934 - 11.076 ms
::1 GET /propiedades?minPrice=300000&maxPrice=500000%0A 200 328 - 5.095 ms
::1 GET /propiedades?listingType=Venta%0A 200 26 - 10.073 ms
::1 GET /propiedades?title=Departamento%0A 200 26 - 2.670 ms
::1 GET /propiedades?category=Departamento 200 934 - 4.188 ms
::1 GET /propiedades?title=Departamento 200 934 - 3.295 ms
::1 GET /propiedades 200 934 - 2.870 ms
::1 GET /propiedades?title=Departamento%0A 200 26 - 2.925 ms
::1 GET /propiedades?title=Departamento 200 934 - 3.312 ms
::1 GET /propiedades?category=Departamento 200 934 - 3.316 ms
::1 GET /propiedades?listingType=Venta 200 934 - 2.252 ms
::1 GET /propiedades?rooms=3&baths=6 200 934 - 2.428 ms
